[0m[[0m[0mdebug[0m] [0m[0m> Exec(compile, Some(360b8b4a-84ca-4345-8921-e25d2e223f83), Some(CommandSource(console0)))[0m
[0m[[0m[0mdebug[0m] [0m[0mEvaluating tasks: Compile / compile[0m
[0m[[0m[0mdebug[0m] [0m[0mRunning task... Cancel: Signal, check cycles: false, forcegc: true[0m
[0m[[0m[0minfo[0m] [0m[0mcompiling 1 Scala source to C:\Users\User\Programming\Scala\bike_shop_http4s\bike_shop_http4s\target\scala-2.13\classes ...[0m
[0m[[0m[31merror[0m] [0m[0mC:\Users\User\Programming\Scala\bike_shop_http4s\bike_shop_http4s\src\main\scala\bikeshop\BikeshopAppServer.scala:64:21: type F takes type parameters[0m
[0m[[0m[31merror[0m] [0m[0mdef bikeRoutes[F[_] : IO]: HttpRoutes[F] = {[0m
[0m[[0m[31merror[0m] [0m[0m                    ^[0m
[0m[[0m[31merror[0m] [0m[0mC:\Users\User\Programming\Scala\bike_shop_http4s\bike_shop_http4s\src\main\scala\bikeshop\BikeshopAppServer.scala:69:62: could not find implicit value for evidence parameter of type cats.effect.Concurrent[F] (Could not find an instance of Monad for F)[0m
[0m[[0m[31merror[0m] [0m[0m  implicit val bikeDecoder: EntityDecoder[ F , Bike] = jsonOf[F , Bike][0m
[0m[[0m[31merror[0m] [0m[0m                                                             ^[0m
[0m[[0m[31merror[0m] [0m[0mC:\Users\User\Programming\Scala\bike_shop_http4s\bike_shop_http4s\src\main\scala\bikeshop\BikeshopAppServer.scala:78:32: Could not find an instance of Applicative for F[0m
[0m[[0m[31merror[0m] [0m[0m                _ => BadRequest("The given year is not valid"),[0m
[0m[[0m[31merror[0m] [0m[0m                               ^[0m
[0m[[0m[31merror[0m] [0m[0mC:\Users\User\Programming\Scala\bike_shop_http4s\bike_shop_http4s\src\main\scala\bikeshop\BikeshopAppServer.scala:83:23: Could not find an instance of Applicative for F[0m
[0m[[0m[31merror[0m] [0m[0m                    Ok(bikesByBrandAndYear.head.asJson)}[0m
[0m[[0m[31merror[0m] [0m[0m                      ^[0m
[0m[[0m[31merror[0m] [0m[0mC:\Users\User\Programming\Scala\bike_shop_http4s\bike_shop_http4s\src\main\scala\bikeshop\BikeshopAppServer.scala:85:32: Could not find an instance of Applicative for F[0m
[0m[[0m[31merror[0m] [0m[0m                case None => Ok(bikeByBrand.head.asJson)[0m
[0m[[0m[31merror[0m] [0m[0m                               ^[0m
[0m[[0m[31merror[0m] [0m[0mC:\Users\User\Programming\Scala\bike_shop_http4s\bike_shop_http4s\src\main\scala\bikeshop\BikeshopAppServer.scala:95:33: Could not find an instance of Applicative for F[0m
[0m[[0m[31merror[0m] [0m[0m            case Nil => NotFound("No bikes in the store")[0m
[0m[[0m[31merror[0m] [0m[0m                                ^[0m
[0m[[0m[31merror[0m] [0m[0mC:\Users\User\Programming\Scala\bike_shop_http4s\bike_shop_http4s\src\main\scala\bikeshop\BikeshopAppServer.scala:96:25: Could not find an instance of Applicative for F[0m
[0m[[0m[31merror[0m] [0m[0m            case _ => Ok(returnBikes.asJson)[0m
[0m[[0m[31merror[0m] [0m[0m                        ^[0m
[0m[[0m[31merror[0m] [0m[0mC:\Users\User\Programming\Scala\bike_shop_http4s\bike_shop_http4s\src\main\scala\bikeshop\BikeshopAppServer.scala:103:23: could not find implicit value for parameter F: cats.MonadThrow[F] (Could not find an instance of Monad for F)[0m
[0m[[0m[31merror[0m] [0m[0m        bike <- req.as[Bike][0m
[0m[[0m[31merror[0m] [0m[0m                      ^[0m
[0m[[0m[31merror[0m] [0m[0mC:\Users\User\Programming\Scala\bike_shop_http4s\bike_shop_http4s\src\main\scala\bikeshop\BikeshopAppServer.scala:105:18: Could not find an instance of Applicative for F[0m
[0m[[0m[31merror[0m] [0m[0m        res <- Ok(bikes.asJson)[0m
[0m[[0m[31merror[0m] [0m[0m                 ^[0m
[0m[[0m[31merror[0m] [0m[0mC:\Users\User\Programming\Scala\bike_shop_http4s\bike_shop_http4s\src\main\scala\bikeshop\BikeshopAppServer.scala:71:20: Could not find an instance of Monad for F[0m
[0m[[0m[31merror[0m] [0m[0m  HttpRoutes.of[F] {[0m
[0m[[0m[31merror[0m] [0m[0m                   ^[0m
[0m[[0m[31merror[0m] [0m[0mC:\Users\User\Programming\Scala\bike_shop_http4s\bike_shop_http4s\src\main\scala\bikeshop\BikeshopAppServer.scala:123:22: type F takes type parameters[0m
[0m[[0m[31merror[0m] [0m[0mdef brandRoutes[F[_] : IO]: HttpRoutes[F] = {[0m
[0m[[0m[31merror[0m] [0m[0m                     ^[0m
[0m[[0m[31merror[0m] [0m[0mC:\Users\User\Programming\Scala\bike_shop_http4s\bike_shop_http4s\src\main\scala\bikeshop\BikeshopAppServer.scala:128:60: could not find implicit value for evidence parameter of type cats.effect.Concurrent[F] (Could not find an instance of Monad for F)[0m
[0m[[0m[31merror[0m] [0m[0mimplicit val brandDecoder: EntityDecoder[F, Brand] = jsonOf[F, Brand][0m
[0m[[0m[31merror[0m] [0m[0m                                                           ^[0m
[0m[[0m[31merror[0m] [0m[0mC:\Users\User\Programming\Scala\bike_shop_http4s\bike_shop_http4s\src\main\scala\bikeshop\BikeshopAppServer.scala:135:33: Could not find an instance of Applicative for F[0m
[0m[[0m[31merror[0m] [0m[0m            case Nil => NotFound("No brands available")[0m
[0m[[0m[31merror[0m] [0m[0m                                ^[0m
[0m[[0m[31merror[0m] [0m[0mC:\Users\User\Programming\Scala\bike_shop_http4s\bike_shop_http4s\src\main\scala\bikeshop\BikeshopAppServer.scala:136:25: Could not find an instance of Applicative for F[0m
[0m[[0m[31merror[0m] [0m[0m            case _ => Ok(brandsList.asJson)[0m
[0m[[0m[31merror[0m] [0m[0m                        ^[0m
[0m[[0m[31merror[0m] [0m[0mC:\Users\User\Programming\Scala\bike_shop_http4s\bike_shop_http4s\src\main\scala\bikeshop\BikeshopAppServer.scala:143:24: could not find implicit value for parameter F: cats.MonadThrow[F] (Could not find an instance of Monad for F)[0m
[0m[[0m[31merror[0m] [0m[0m        brand <- req.as[Brand][0m
[0m[[0m[31merror[0m] [0m[0m                       ^[0m
[0m[[0m[31merror[0m] [0m[0mC:\Users\User\Programming\Scala\bike_shop_http4s\bike_shop_http4s\src\main\scala\bikeshop\BikeshopAppServer.scala:145:18: Could not find an instance of Applicative for F[0m
[0m[[0m[31merror[0m] [0m[0m        res <- Ok(brands.asJson)[0m
[0m[[0m[31merror[0m] [0m[0m                 ^[0m
[0m[[0m[31merror[0m] [0m[0mC:\Users\User\Programming\Scala\bike_shop_http4s\bike_shop_http4s\src\main\scala\bikeshop\BikeshopAppServer.scala:131:20: Could not find an instance of Monad for F[0m
[0m[[0m[31merror[0m] [0m[0m  HttpRoutes.of[F] {[0m
[0m[[0m[31merror[0m] [0m[0m                   ^[0m
[0m[[0m[31merror[0m] [0m[0mC:\Users\User\Programming\Scala\bike_shop_http4s\bike_shop_http4s\src\main\scala\bikeshop\BikeshopAppServer.scala:152:20: type F takes type parameters[0m
[0m[[0m[31merror[0m] [0m[0mdef allRoutes[F[_] : IO]: HttpRoutes[F] = {[0m
[0m[[0m[31merror[0m] [0m[0m                   ^[0m
[0m[[0m[31merror[0m] [0m[0mC:\Users\User\Programming\Scala\bike_shop_http4s\bike_shop_http4s\src\main\scala\bikeshop\BikeshopAppServer.scala:159:30: type F takes type parameters[0m
[0m[[0m[31merror[0m] [0m[0m  def allRoutesComplete[F[_] : IO]: HttpApp[F] = {[0m
[0m[[0m[31merror[0m] [0m[0m                             ^[0m
[0m[[0m[31merror[0m] [0m[0mC:\Users\User\Programming\Scala\bike_shop_http4s\bike_shop_http4s\src\main\scala\bikeshop\BikeshopAppServer.scala:153:33: Unused import[0m
[0m[[0m[31merror[0m] [0m[0m  import cats.syntax.semigroupk._[0m
[0m[[0m[31merror[0m] [0m[0m                                ^[0m
[0m[[0m[31merror[0m] [0m[0mC:\Users\User\Programming\Scala\bike_shop_http4s\bike_shop_http4s\src\main\scala\bikeshop\BikeshopAppServer.scala:69:16: local val bikeDecoder in method bikeRoutes is never used[0m
[0m[[0m[31merror[0m] [0m[0m  implicit val bikeDecoder: EntityDecoder[ F , Bike] = jsonOf[F , Bike][0m
[0m[[0m[31merror[0m] [0m[0m               ^[0m
[0m[[0m[31merror[0m] [0m[0mC:\Users\User\Programming\Scala\bike_shop_http4s\bike_shop_http4s\src\main\scala\bikeshop\BikeshopAppServer.scala:128:14: local val brandDecoder in method brandRoutes is never used[0m
[0m[[0m[31merror[0m] [0m[0mimplicit val brandDecoder: EntityDecoder[F, Brand] = jsonOf[F, Brand][0m
[0m[[0m[31merror[0m] [0m[0m             ^[0m
[0m[[0m[31merror[0m] [0m[0mC:\Users\User\Programming\Scala\bike_shop_http4s\bike_shop_http4s\src\main\scala\bikeshop\BikeshopAppServer.scala:64:5: parameter value evidence$1 in method bikeRoutes is never used[0m
[0m[[0m[31merror[0m] [0m[0mdef bikeRoutes[F[_] : IO]: HttpRoutes[F] = {[0m
[0m[[0m[31merror[0m] [0m[0m    ^[0m
[0m[[0m[31merror[0m] [0m[0mC:\Users\User\Programming\Scala\bike_shop_http4s\bike_shop_http4s\src\main\scala\bikeshop\BikeshopAppServer.scala:123:5: parameter value evidence$2 in method brandRoutes is never used[0m
[0m[[0m[31merror[0m] [0m[0mdef brandRoutes[F[_] : IO]: HttpRoutes[F] = {[0m
[0m[[0m[31merror[0m] [0m[0m    ^[0m
[0m[[0m[31merror[0m] [0m[0mC:\Users\User\Programming\Scala\bike_shop_http4s\bike_shop_http4s\src\main\scala\bikeshop\BikeshopAppServer.scala:152:5: parameter value evidence$3 in method allRoutes is never used[0m
[0m[[0m[31merror[0m] [0m[0mdef allRoutes[F[_] : IO]: HttpRoutes[F] = {[0m
[0m[[0m[31merror[0m] [0m[0m    ^[0m
[0m[[0m[31merror[0m] [0m[0mC:\Users\User\Programming\Scala\bike_shop_http4s\bike_shop_http4s\src\main\scala\bikeshop\BikeshopAppServer.scala:159:7: parameter value evidence$4 in method allRoutesComplete is never used[0m
[0m[[0m[31merror[0m] [0m[0m  def allRoutesComplete[F[_] : IO]: HttpApp[F] = {[0m
[0m[[0m[31merror[0m] [0m[0m      ^[0m
[0m[[0m[31merror[0m] [0m[0m26 errors found[0m
[0m[[0m[31merror[0m] [0m[0m(Compile / [31mcompileIncremental[0m) Compilation failed[0m
[0m[[0m[31merror[0m] [0m[0mTotal time: 3 s, completed 29 Dec 2022, 13:01:43[0m
[0m[[0m[0mdebug[0m] [0m[0m> Exec(shell, None, None)[0m
[0m[[0m[31merror[0m] [0m[0mserver failed to start on local:sbt-server-a5fa93c99b09bd17af5f. java.io.IOException: Could not create lock for \\.\pipe\sbt-server-a5fa93c99b09bd17af5f_lock, error 5[0m
