[0m[[0m[0mdebug[0m] [0m[0m> Exec(run, Some(0dd6688a-eb87-43b2-a4a8-73554c0ffa8e), Some(CommandSource(console0)))[0m
[0m[[0m[0mdebug[0m] [0m[0mEvaluating tasks: Compile / run[0m
[0m[[0m[0mdebug[0m] [0m[0mRunning task... Cancel: Signal, check cycles: false, forcegc: true[0m
[0m[[0m[0minfo[0m] [0m[0mcompiling 2 Scala sources to C:\Users\User\Programming\Scala\bike_shop_http4s\bike_shop_http4s\target\scala-2.13\classes ...[0m
[0m[[0m[31merror[0m] [0m[0mC:\Users\User\Programming\Scala\bike_shop_http4s\bike_shop_http4s\src\main\scala\bikeshop\BikeshopAppServer.scala:33:3: type mismatch;[0m
[0m[[0m[31merror[0m] [0m[0m found   : Unit[0m
[0m[[0m[31merror[0m] [0m[0m required: cats.effect.IO[cats.effect.ExitCode][0m
[0m[[0m[31merror[0m] [0m[0m  }[0m
[0m[[0m[31merror[0m] [0m[0m  ^[0m
[0m[[0m[31merror[0m] [0m[0mC:\Users\User\Programming\Scala\bike_shop_http4s\bike_shop_http4s\src\main\scala\bikeshop\BikeshopAppServer.scala:36:24: object server is not a member of package config[0m
[0m[[0m[31merror[0m] [0m[0m      .bindHttp(config.server.port, config.server.host)[0m
[0m[[0m[31merror[0m] [0m[0m                       ^[0m
[0m[[0m[31merror[0m] [0m[0mC:\Users\User\Programming\Scala\bike_shop_http4s\bike_shop_http4s\src\main\scala\bikeshop\BikeshopAppServer.scala:36:44: object server is not a member of package config[0m
[0m[[0m[31merror[0m] [0m[0m      .bindHttp(config.server.port, config.server.host)[0m
[0m[[0m[31merror[0m] [0m[0m                                           ^[0m
[0m[[0m[31merror[0m] [0m[0mC:\Users\User\Programming\Scala\bike_shop_http4s\bike_shop_http4s\src\main\scala\bikeshop\BikeshopAppServer.scala:37:36: package bikeshop.repository is not a value[0m
[0m[[0m[31merror[0m] [0m[0m      .withHttpApp(new BikeService(repository).bikeRoutes.orNotFound)[0m
[0m[[0m[31merror[0m] [0m[0m                                   ^[0m
[0m[[0m[31merror[0m] [0m[0mC:\Users\User\Programming\Scala\bike_shop_http4s\bike_shop_http4s\src\main\scala\bikeshop\BikeshopAppServer.scala:29:7: local val repository in method run is never used[0m
[0m[[0m[31merror[0m] [0m[0m  val repository = new BikeRepository(xa)[0m
[0m[[0m[31merror[0m] [0m[0m      ^[0m
[0m[[0m[31merror[0m] [0m[0mC:\Users\User\Programming\Scala\bike_shop_http4s\bike_shop_http4s\src\main\scala\bikeshop\BikeshopAppServer.scala:31:7: local val config in method run is never used[0m
[0m[[0m[31merror[0m] [0m[0m  val config = Conf.load(configFile = "bikeApp.conf")[0m
[0m[[0m[31merror[0m] [0m[0m      ^[0m
[0m[[0m[31merror[0m] [0m[0m6 errors found[0m
[0m[[0m[31merror[0m] [0m[0m(Compile / [31mcompileIncremental[0m) Compilation failed[0m
[0m[[0m[31merror[0m] [0m[0mTotal time: 2 s, completed 14 Jan 2023, 21:25:06[0m
[0m[[0m[0mdebug[0m] [0m[0m> Exec(shell, None, None)[0m
[0m[[0m[31merror[0m] [0m[0mserver failed to start on local:sbt-server-a5fa93c99b09bd17af5f. java.io.IOException: Could not create lock for \\.\pipe\sbt-server-a5fa93c99b09bd17af5f_lock, error 5[0m
